# JRE version: Java(TM) SE Runtime Environment (8.0_162-b12) (build 1.8.0_162-b12)
# Java VM: Java HotSpot(TM) 64-Bit Server VM (25.162-b12 mixed mode windows-amd64 compressed oops)
Heap:
 PSYoungGen      total 228864K, used 83008K [0x00000000d6180000, 0x00000000e6b00000, 0x0000000100000000)
  eden space 210432K, 30% used [0x00000000d6180000,0x00000000da095f48,0x00000000e2f00000)
  from space 18432K, 99% used [0x00000000e4700000,0x00000000e58fa1e0,0x00000000e5900000)
  to   space 24576K, 0% used [0x00000000e2f00000,0x00000000e2f00000,0x00000000e4700000)
 ParOldGen       total 66048K, used 32060K [0x0000000082400000, 0x0000000086480000, 0x00000000d6180000)
  object space 66048K, 48% used [0x0000000082400000,0x000000008434f250,0x0000000086480000)
 Metaspace       used 28546K, capacity 29114K, committed 29312K, reserved 1075200K
  class space    used 3397K, capacity 3590K, committed 3712K, reserved 1048576K
GC Heap History (10 events):
Event: 3.259 GC heap before
{Heap before GC invocations=5 (full 0):
 PSYoungGen      total 70656K, used 70632K [0x00000000d6180000, 0x00000000dab80000, 0x0000000100000000)
  eden space 65536K, 100% used [0x00000000d6180000,0x00000000da180000,0x00000000da180000)
  from space 5120K, 99% used [0x00000000da680000,0x00000000dab7a040,0x00000000dab80000)
  to   space 5120K, 0% used [0x00000000da180000,0x00000000da180000,0x00000000da680000)
 ParOldGen       total 86016K, used 7470K [0x0000000082400000, 0x0000000087800000, 0x00000000d6180000)
  object space 86016K, 8% used [0x0000000082400000,0x0000000082b4ba10,0x0000000087800000)
 Metaspace       used 20469K, capacity 21024K, committed 21120K, reserved 1067008K
  class space    used 2472K, capacity 2620K, committed 2688K, reserved 1048576K
Event: 3.270 GC heap after
Heap after GC invocations=5 (full 0):
 PSYoungGen      total 70656K, used 5100K [0x00000000d6180000, 0x00000000df780000, 0x0000000100000000)
  eden space 65536K, 0% used [0x00000000d6180000,0x00000000d6180000,0x00000000da180000)
  from space 5120K, 99% used [0x00000000da180000,0x00000000da67b020,0x00000000da680000)
  to   space 11264K, 0% used [0x00000000dec80000,0x00000000dec80000,0x00000000df780000)
 ParOldGen       total 86016K, used 12996K [0x0000000082400000, 0x0000000087800000, 0x00000000d6180000)
  object space 86016K, 15% used [0x0000000082400000,0x00000000830b1360,0x0000000087800000)
 Metaspace       used 20469K, capacity 21024K, committed 21120K, reserved 1067008K
  class space    used 2472K, capacity 2620K, committed 2688K, reserved 1048576K
}
Event: 3.356 GC heap before
{Heap before GC invocations=6 (full 0):
 PSYoungGen      total 70656K, used 19745K [0x00000000d6180000, 0x00000000df780000, 0x0000000100000000)
  eden space 65536K, 22% used [0x00000000d6180000,0x00000000d6fcd780,0x00000000da180000)
  from space 5120K, 99% used [0x00000000da180000,0x00000000da67b020,0x00000000da680000)
  to   space 11264K, 0% used [0x00000000dec80000,0x00000000dec80000,0x00000000df780000)
 ParOldGen       total 86016K, used 12996K [0x0000000082400000, 0x0000000087800000, 0x00000000d6180000)
  object space 86016K, 15% used [0x0000000082400000,0x00000000830b1360,0x0000000087800000)
 Metaspace       used 20643K, capacity 21152K, committed 21296K, reserved 1069056K
  class space    used 2483K, capacity 2620K, committed 2688K, reserved 1048576K
Event: 3.364 GC heap after
Heap after GC invocations=6 (full 0):
 PSYoungGen      total 140288K, used 11251K [0x00000000d6180000, 0x00000000dfb80000, 0x0000000100000000)
  eden space 129024K, 0% used [0x00000000d6180000,0x00000000d6180000,0x00000000ddf80000)
  from space 11264K, 99% used [0x00000000dec80000,0x00000000df77ceb8,0x00000000df780000)
  to   space 13312K, 0% used [0x00000000ddf80000,0x00000000ddf80000,0x00000000dec80000)
 ParOldGen       total 86016K, used 13924K [0x0000000082400000, 0x0000000087800000, 0x00000000d6180000)
  object space 86016K, 16% used [0x0000000082400000,0x0000000083199360,0x0000000087800000)
 Metaspace       used 20643K, capacity 21152K, committed 21296K, reserved 1069056K
  class space    used 2483K, capacity 2620K, committed 2688K, reserved 1048576K
}
Event: 3.364 GC heap before
{Heap before GC invocations=7 (full 1):
 PSYoungGen      total 140288K, used 11251K [0x00000000d6180000, 0x00000000dfb80000, 0x0000000100000000)
  eden space 129024K, 0% used [0x00000000d6180000,0x00000000d6180000,0x00000000ddf80000)
  from space 11264K, 99% used [0x00000000dec80000,0x00000000df77ceb8,0x00000000df780000)
  to   space 13312K, 0% used [0x00000000ddf80000,0x00000000ddf80000,0x00000000dec80000)
 ParOldGen       total 86016K, used 13924K [0x0000000082400000, 0x0000000087800000, 0x00000000d6180000)
  object space 86016K, 16% used [0x0000000082400000,0x0000000083199360,0x0000000087800000)
 Metaspace       used 20643K, capacity 21152K, committed 21296K, reserved 1069056K
  class space    used 2483K, capacity 2620K, committed 2688K, reserved 1048576K
Event: 3.403 GC heap after
Heap after GC invocations=7 (full 1):
 PSYoungGen      total 140288K, used 0K [0x00000000d6180000, 0x00000000dfb80000, 0x0000000100000000)
  eden space 129024K, 0% used [0x00000000d6180000,0x00000000d6180000,0x00000000ddf80000)
  from space 11264K, 0% used [0x00000000dec80000,0x00000000dec80000,0x00000000df780000)
  to   space 13312K, 0% used [0x00000000ddf80000,0x00000000ddf80000,0x00000000dec80000)
 ParOldGen       total 66048K, used 17659K [0x0000000082400000, 0x0000000086480000, 0x00000000d6180000)
  object space 66048K, 26% used [0x0000000082400000,0x000000008353ef68,0x0000000086480000)
 Metaspace       used 20643K, capacity 21152K, committed 21296K, reserved 1069056K
  class space    used 2483K, capacity 2620K, committed 2688K, reserved 1048576K
}
Event: 4.999 GC heap before
{Heap before GC invocations=8 (full 1):
 PSYoungGen      total 140288K, used 129024K [0x00000000d6180000, 0x00000000dfb80000, 0x0000000100000000)
  eden space 129024K, 100% used [0x00000000d6180000,0x00000000ddf80000,0x00000000ddf80000)
  from space 11264K, 0% used [0x00000000dec80000,0x00000000dec80000,0x00000000df780000)
  to   space 13312K, 0% used [0x00000000ddf80000,0x00000000ddf80000,0x00000000dec80000)
 ParOldGen       total 66048K, used 17659K [0x0000000082400000, 0x0000000086480000, 0x00000000d6180000)
  object space 66048K, 26% used [0x0000000082400000,0x000000008353ef68,0x0000000086480000)
 Metaspace       used 28512K, capacity 29114K, committed 29312K, reserved 1075200K
  class space    used 3394K, capacity 3590K, committed 3712K, reserved 1048576K
Event: 5.019 GC heap after
Heap after GC invocations=8 (full 1):
 PSYoungGen      total 142336K, used 13282K [0x00000000d6180000, 0x00000000e5900000, 0x0000000100000000)
  eden space 129024K, 0% used [0x00000000d6180000,0x00000000d6180000,0x00000000ddf80000)
  from space 13312K, 99% used [0x00000000ddf80000,0x00000000dec78bf8,0x00000000dec80000)
  to   space 18432K, 0% used [0x00000000e4700000,0x00000000e4700000,0x00000000e5900000)
 ParOldGen       total 66048K, used 23730K [0x0000000082400000, 0x0000000086480000, 0x00000000d6180000)
  object space 66048K, 35% used [0x0000000082400000,0x0000000083b2cb88,0x0000000086480000)
 Metaspace       used 28512K, capacity 29114K, committed 29312K, reserved 1075200K
  class space    used 3394K, capacity 3590K, committed 3712K, reserved 1048576K
}
Event: 5.373 GC heap before
{Heap before GC invocations=9 (full 1):
 PSYoungGen      total 142336K, used 142306K [0x00000000d6180000, 0x00000000e5900000, 0x0000000100000000)
  eden space 129024K, 100% used [0x00000000d6180000,0x00000000ddf80000,0x00000000ddf80000)
  from space 13312K, 99% used [0x00000000ddf80000,0x00000000dec78bf8,0x00000000dec80000)
  to   space 18432K, 0% used [0x00000000e4700000,0x00000000e4700000,0x00000000e5900000)
 ParOldGen       total 66048K, used 23730K [0x0000000082400000, 0x0000000086480000, 0x00000000d6180000)
  object space 66048K, 35% used [0x0000000082400000,0x0000000083b2cb88,0x0000000086480000)
 Metaspace       used 28529K, capacity 29114K, committed 29312K, reserved 1075200K
  class space    used 3395K, capacity 3590K, committed 3712K, reserved 1048576K
Event: 5.391 GC heap after
Heap after GC invocations=9 (full 1):
 PSYoungGen      total 228864K, used 18408K [0x00000000d6180000, 0x00000000e6b00000, 0x0000000100000000)
  eden space 210432K, 0% used [0x00000000d6180000,0x00000000d6180000,0x00000000e2f00000)
  from space 18432K, 99% used [0x00000000e4700000,0x00000000e58fa1e0,0x00000000e5900000)
  to   space 24576K, 0% used [0x00000000e2f00000,0x00000000e2f00000,0x00000000e4700000)
 ParOldGen       total 66048K, used 32060K [0x0000000082400000, 0x0000000086480000, 0x00000000d6180000)
  object space 66048K, 48% used [0x0000000082400000,0x000000008434f250,0x0000000086480000)
 Metaspace       used 28529K, capacity 29114K, committed 29312K, reserved 1075200K
  class space    used 3395K, capacity 3590K, committed 3712K, reserved 1048576K
}

