# JRE version: Java(TM) SE Runtime Environment (8.0_162-b12) (build 1.8.0_162-b12)
# Java VM: Java HotSpot(TM) 64-Bit Server VM (25.162-b12 mixed mode windows-amd64 compressed oops)
Heap:
 PSYoungGen      total 136192K, used 47083K [0x00000000d6180000, 0x00000000deb80000, 0x0000000100000000)
  eden space 131072K, 35% used [0x00000000d6180000,0x00000000d8f7afa0,0x00000000de180000)
  from space 5120K, 0% used [0x00000000de180000,0x00000000de180000,0x00000000de680000)
  to   space 5120K, 0% used [0x00000000de680000,0x00000000de680000,0x00000000deb80000)
 ParOldGen       total 72704K, used 17916K [0x0000000082400000, 0x0000000086b00000, 0x00000000d6180000)
  object space 72704K, 24% used [0x0000000082400000,0x000000008357f1c0,0x0000000086b00000)
 Metaspace       used 23203K, capacity 23734K, committed 24064K, reserved 1071104K
  class space    used 2806K, capacity 2991K, committed 3072K, reserved 1048576K
GC Heap History (10 events):
Event: 0.892 GC heap before
{Heap before GC invocations=2 (full 0):
 PSYoungGen      total 37888K, used 37627K [0x00000000d6180000, 0x00000000dab80000, 0x0000000100000000)
  eden space 32768K, 100% used [0x00000000d6180000,0x00000000d8180000,0x00000000d8180000)
  from space 5120K, 94% used [0x00000000d8180000,0x00000000d863ecc0,0x00000000d8680000)
  to   space 5120K, 0% used [0x00000000da680000,0x00000000da680000,0x00000000dab80000)
 ParOldGen       total 86016K, used 8K [0x0000000082400000, 0x0000000087800000, 0x00000000d6180000)
  object space 86016K, 0% used [0x0000000082400000,0x0000000082402000,0x0000000087800000)
 Metaspace       used 11582K, capacity 11796K, committed 12160K, reserved 1060864K
  class space    used 1454K, capacity 1544K, committed 1664K, reserved 1048576K
Event: 0.899 GC heap after
Heap after GC invocations=2 (full 0):
 PSYoungGen      total 70656K, used 5103K [0x00000000d6180000, 0x00000000dab80000, 0x0000000100000000)
  eden space 65536K, 0% used [0x00000000d6180000,0x00000000d6180000,0x00000000da180000)
  from space 5120K, 99% used [0x00000000da680000,0x00000000dab7bd68,0x00000000dab80000)
  to   space 5120K, 0% used [0x00000000da180000,0x00000000da180000,0x00000000da680000)
 ParOldGen       total 86016K, used 2179K [0x0000000082400000, 0x0000000087800000, 0x00000000d6180000)
  object space 86016K, 2% used [0x0000000082400000,0x0000000082620d38,0x0000000087800000)
 Metaspace       used 11582K, capacity 11796K, committed 12160K, reserved 1060864K
  class space    used 1454K, capacity 1544K, committed 1664K, reserved 1048576K
}
Event: 1.910 GC heap before
{Heap before GC invocations=3 (full 0):
 PSYoungGen      total 70656K, used 70639K [0x00000000d6180000, 0x00000000dab80000, 0x0000000100000000)
  eden space 65536K, 100% used [0x00000000d6180000,0x00000000da180000,0x00000000da180000)
  from space 5120K, 99% used [0x00000000da680000,0x00000000dab7bd68,0x00000000dab80000)
  to   space 5120K, 0% used [0x00000000da180000,0x00000000da180000,0x00000000da680000)
 ParOldGen       total 86016K, used 2179K [0x0000000082400000, 0x0000000087800000, 0x00000000d6180000)
  object space 86016K, 2% used [0x0000000082400000,0x0000000082620d38,0x0000000087800000)
 Metaspace       used 15418K, capacity 15800K, committed 16128K, reserved 1062912K
  class space    used 1872K, capacity 1986K, committed 2048K, reserved 1048576K
Event: 1.921 GC heap after
Heap after GC invocations=3 (full 0):
 PSYoungGen      total 70656K, used 5096K [0x00000000d6180000, 0x00000000deb80000, 0x0000000100000000)
  eden space 65536K, 0% used [0x00000000d6180000,0x00000000d6180000,0x00000000da180000)
  from space 5120K, 99% used [0x00000000da180000,0x00000000da67a040,0x00000000da680000)
  to   space 5120K, 0% used [0x00000000de680000,0x00000000de680000,0x00000000deb80000)
 ParOldGen       total 86016K, used 7206K [0x0000000082400000, 0x0000000087800000, 0x00000000d6180000)
  object space 86016K, 8% used [0x0000000082400000,0x0000000082b09850,0x0000000087800000)
 Metaspace       used 15418K, capacity 15800K, committed 16128K, reserved 1062912K
  class space    used 1872K, capacity 1986K, committed 2048K, reserved 1048576K
}
Event: 3.042 GC heap before
{Heap before GC invocations=4 (full 0):
 PSYoungGen      total 70656K, used 70632K [0x00000000d6180000, 0x00000000deb80000, 0x0000000100000000)
  eden space 65536K, 100% used [0x00000000d6180000,0x00000000da180000,0x00000000da180000)
  from space 5120K, 99% used [0x00000000da180000,0x00000000da67a040,0x00000000da680000)
  to   space 5120K, 0% used [0x00000000de680000,0x00000000de680000,0x00000000deb80000)
 ParOldGen       total 86016K, used 7206K [0x0000000082400000, 0x0000000087800000, 0x00000000d6180000)
  object space 86016K, 8% used [0x0000000082400000,0x0000000082b09850,0x0000000087800000)
 Metaspace       used 20467K, capacity 20960K, committed 21120K, reserved 1067008K
  class space    used 2471K, capacity 2620K, committed 2688K, reserved 1048576K
Event: 3.056 GC heap after
Heap after GC invocations=4 (full 0):
 PSYoungGen      total 136192K, used 5112K [0x00000000d6180000, 0x00000000deb80000, 0x0000000100000000)
  eden space 131072K, 0% used [0x00000000d6180000,0x00000000d6180000,0x00000000de180000)
  from space 5120K, 99% used [0x00000000de680000,0x00000000deb7e030,0x00000000deb80000)
  to   space 5120K, 0% used [0x00000000de180000,0x00000000de180000,0x00000000de680000)
 ParOldGen       total 86016K, used 12632K [0x0000000082400000, 0x0000000087800000, 0x00000000d6180000)
  object space 86016K, 14% used [0x0000000082400000,0x0000000083056190,0x0000000087800000)
 Metaspace       used 20467K, capacity 20960K, committed 21120K, reserved 1067008K
  class space    used 2471K, capacity 2620K, committed 2688K, reserved 1048576K
}
Event: 3.169 GC heap before
{Heap before GC invocations=5 (full 0):
 PSYoungGen      total 136192K, used 21086K [0x00000000d6180000, 0x00000000deb80000, 0x0000000100000000)
  eden space 131072K, 12% used [0x00000000d6180000,0x00000000d7119a20,0x00000000de180000)
  from space 5120K, 99% used [0x00000000de680000,0x00000000deb7e030,0x00000000deb80000)
  to   space 5120K, 0% used [0x00000000de180000,0x00000000de180000,0x00000000de680000)
 ParOldGen       total 86016K, used 12632K [0x0000000082400000, 0x0000000087800000, 0x00000000d6180000)
  object space 86016K, 14% used [0x0000000082400000,0x0000000083056190,0x0000000087800000)
 Metaspace       used 20666K, capacity 21152K, committed 21296K, reserved 1069056K
  class space    used 2485K, capacity 2620K, committed 2688K, reserved 1048576K
Event: 3.179 GC heap after
Heap after GC invocations=5 (full 0):
 PSYoungGen      total 136192K, used 5108K [0x00000000d6180000, 0x00000000deb80000, 0x0000000100000000)
  eden space 131072K, 0% used [0x00000000d6180000,0x00000000d6180000,0x00000000de180000)
  from space 5120K, 99% used [0x00000000de180000,0x00000000de67d218,0x00000000de680000)
  to   space 5120K, 0% used [0x00000000de680000,0x00000000de680000,0x00000000deb80000)
 ParOldGen       total 86016K, used 19967K [0x0000000082400000, 0x0000000087800000, 0x00000000d6180000)
  object space 86016K, 23% used [0x0000000082400000,0x000000008377fc68,0x0000000087800000)
 Metaspace       used 20666K, capacity 21152K, committed 21296K, reserved 1069056K
  class space    used 2485K, capacity 2620K, committed 2688K, reserved 1048576K
}
Event: 3.179 GC heap before
{Heap before GC invocations=6 (full 1):
 PSYoungGen      total 136192K, used 5108K [0x00000000d6180000, 0x00000000deb80000, 0x0000000100000000)
  eden space 131072K, 0% used [0x00000000d6180000,0x00000000d6180000,0x00000000de180000)
  from space 5120K, 99% used [0x00000000de180000,0x00000000de67d218,0x00000000de680000)
  to   space 5120K, 0% used [0x00000000de680000,0x00000000de680000,0x00000000deb80000)
 ParOldGen       total 86016K, used 19967K [0x0000000082400000, 0x0000000087800000, 0x00000000d6180000)
  object space 86016K, 23% used [0x0000000082400000,0x000000008377fc68,0x0000000087800000)
 Metaspace       used 20666K, capacity 21152K, committed 21296K, reserved 1069056K
  class space    used 2485K, capacity 2620K, committed 2688K, reserved 1048576K
Event: 3.231 GC heap after
Heap after GC invocations=6 (full 1):
 PSYoungGen      total 136192K, used 0K [0x00000000d6180000, 0x00000000deb80000, 0x0000000100000000)
  eden space 131072K, 0% used [0x00000000d6180000,0x00000000d6180000,0x00000000de180000)
  from space 5120K, 0% used [0x00000000de180000,0x00000000de180000,0x00000000de680000)
  to   space 5120K, 0% used [0x00000000de680000,0x00000000de680000,0x00000000deb80000)
 ParOldGen       total 72704K, used 17916K [0x0000000082400000, 0x0000000086b00000, 0x00000000d6180000)
  object space 72704K, 24% used [0x0000000082400000,0x000000008357f1c0,0x0000000086b00000)
 Metaspace       used 20666K, capacity 21152K, committed 21296K, reserved 1069056K
  class space    used 2485K, capacity 2620K, committed 2688K, reserved 1048576K
}

