# JRE version: Java(TM) SE Runtime Environment (8.0_162-b12) (build 1.8.0_162-b12)
# Java VM: Java HotSpot(TM) 64-Bit Server VM (25.162-b12 mixed mode windows-amd64 compressed oops)
Heap:
 PSYoungGen      total 217088K, used 186054K [0x00000000d6180000, 0x00000000e5f80000, 0x0000000100000000)
  eden space 199168K, 93% used [0x00000000d6180000,0x00000000e17318e8,0x00000000e2400000)
  from space 17920K, 0% used [0x00000000e3c00000,0x00000000e3c00000,0x00000000e4d80000)
  to   space 24576K, 0% used [0x00000000e2400000,0x00000000e2400000,0x00000000e3c00000)
 ParOldGen       total 133632K, used 42815K [0x0000000082400000, 0x000000008a680000, 0x00000000d6180000)
  object space 133632K, 32% used [0x0000000082400000,0x0000000084dcff20,0x000000008a680000)
 Metaspace       used 54704K, capacity 55504K, committed 55808K, reserved 1097728K
  class space    used 6355K, capacity 6588K, committed 6656K, reserved 1048576K
GC Heap History (10 events):
Event: 3.502 GC heap before
{Heap before GC invocations=9 (full 1):
 PSYoungGen      total 142336K, used 142314K [0x00000000d6180000, 0x00000000e4d80000, 0x0000000100000000)
  eden space 129024K, 100% used [0x00000000d6180000,0x00000000ddf80000,0x00000000ddf80000)
  from space 13312K, 99% used [0x00000000ddf80000,0x00000000dec7a888,0x00000000dec80000)
  to   space 17920K, 0% used [0x00000000e3c00000,0x00000000e3c00000,0x00000000e4d80000)
 ParOldGen       total 69120K, used 23456K [0x0000000082400000, 0x0000000086780000, 0x00000000d6180000)
  object space 69120K, 33% used [0x0000000082400000,0x0000000083ae8228,0x0000000086780000)
 Metaspace       used 28486K, capacity 29114K, committed 29312K, reserved 1075200K
  class space    used 3395K, capacity 3590K, committed 3712K, reserved 1048576K
Event: 3.518 GC heap after
Heap after GC invocations=9 (full 1):
 PSYoungGen      total 217088K, used 17888K [0x00000000d6180000, 0x00000000e5f80000, 0x0000000100000000)
  eden space 199168K, 0% used [0x00000000d6180000,0x00000000d6180000,0x00000000e2400000)
  from space 17920K, 99% used [0x00000000e3c00000,0x00000000e4d781b8,0x00000000e4d80000)
  to   space 24576K, 0% used [0x00000000e2400000,0x00000000e2400000,0x00000000e3c00000)
 ParOldGen       total 69120K, used 32411K [0x0000000082400000, 0x0000000086780000, 0x00000000d6180000)
  object space 69120K, 46% used [0x0000000082400000,0x00000000843a6c50,0x0000000086780000)
 Metaspace       used 28486K, capacity 29114K, committed 29312K, reserved 1075200K
  class space    used 3395K, capacity 3590K, committed 3712K, reserved 1048576K
}
Event: 4.014 GC heap before
{Heap before GC invocations=10 (full 1):
 PSYoungGen      total 217088K, used 217056K [0x00000000d6180000, 0x00000000e5f80000, 0x0000000100000000)
  eden space 199168K, 100% used [0x00000000d6180000,0x00000000e2400000,0x00000000e2400000)
  from space 17920K, 99% used [0x00000000e3c00000,0x00000000e4d781b8,0x00000000e4d80000)
  to   space 24576K, 0% used [0x00000000e2400000,0x00000000e2400000,0x00000000e3c00000)
 ParOldGen       total 69120K, used 32411K [0x0000000082400000, 0x0000000086780000, 0x00000000d6180000)
  object space 69120K, 46% used [0x0000000082400000,0x00000000843a6c50,0x0000000086780000)
 Metaspace       used 28509K, capacity 29114K, committed 29312K, reserved 1075200K
  class space    used 3397K, capacity 3590K, committed 3712K, reserved 1048576K
Event: 4.038 GC heap after
Heap after GC invocations=10 (full 1):
 PSYoungGen      total 223744K, used 24571K [0x00000000d6180000, 0x00000000e5f80000, 0x0000000100000000)
  eden space 199168K, 0% used [0x00000000d6180000,0x00000000d6180000,0x00000000e2400000)
  from space 24576K, 99% used [0x00000000e2400000,0x00000000e3bfed70,0x00000000e3c00000)
  to   space 17920K, 0% used [0x00000000e3c00000,0x00000000e3c00000,0x00000000e4d80000)
 ParOldGen       total 69120K, used 49156K [0x0000000082400000, 0x0000000086780000, 0x00000000d6180000)
  object space 69120K, 71% used [0x0000000082400000,0x00000000854013a8,0x0000000086780000)
 Metaspace       used 28509K, capacity 29114K, committed 29312K, reserved 1075200K
  class space    used 3397K, capacity 3590K, committed 3712K, reserved 1048576K
}
Event: 4.421 GC heap before
{Heap before GC invocations=11 (full 1):
 PSYoungGen      total 223744K, used 223739K [0x00000000d6180000, 0x00000000e5f80000, 0x0000000100000000)
  eden space 199168K, 100% used [0x00000000d6180000,0x00000000e2400000,0x00000000e2400000)
  from space 24576K, 99% used [0x00000000e2400000,0x00000000e3bfed70,0x00000000e3c00000)
  to   space 17920K, 0% used [0x00000000e3c00000,0x00000000e3c00000,0x00000000e4d80000)
 ParOldGen       total 69120K, used 49156K [0x0000000082400000, 0x0000000086780000, 0x00000000d6180000)
  object space 69120K, 71% used [0x0000000082400000,0x00000000854013a8,0x0000000086780000)
 Metaspace       used 28520K, capacity 29124K, committed 29312K, reserved 1075200K
  class space    used 3399K, capacity 3592K, committed 3712K, reserved 1048576K
Event: 4.442 GC heap after
Heap after GC invocations=11 (full 1):
 PSYoungGen      total 217088K, used 17906K [0x00000000d6180000, 0x00000000e5f80000, 0x0000000100000000)
  eden space 199168K, 0% used [0x00000000d6180000,0x00000000d6180000,0x00000000e2400000)
  from space 17920K, 99% used [0x00000000e3c00000,0x00000000e4d7c9a0,0x00000000e4d80000)
  to   space 24576K, 0% used [0x00000000e2400000,0x00000000e2400000,0x00000000e3c00000)
 ParOldGen       total 74240K, used 74151K [0x0000000082400000, 0x0000000086c80000, 0x00000000d6180000)
  object space 74240K, 99% used [0x0000000082400000,0x0000000086c69e18,0x0000000086c80000)
 Metaspace       used 28520K, capacity 29124K, committed 29312K, reserved 1075200K
  class space    used 3399K, capacity 3592K, committed 3712K, reserved 1048576K
}
Event: 4.442 GC heap before
{Heap before GC invocations=12 (full 2):
 PSYoungGen      total 217088K, used 17906K [0x00000000d6180000, 0x00000000e5f80000, 0x0000000100000000)
  eden space 199168K, 0% used [0x00000000d6180000,0x00000000d6180000,0x00000000e2400000)
  from space 17920K, 99% used [0x00000000e3c00000,0x00000000e4d7c9a0,0x00000000e4d80000)
  to   space 24576K, 0% used [0x00000000e2400000,0x00000000e2400000,0x00000000e3c00000)
 ParOldGen       total 74240K, used 74151K [0x0000000082400000, 0x0000000086c80000, 0x00000000d6180000)
  object space 74240K, 99% used [0x0000000082400000,0x0000000086c69e18,0x0000000086c80000)
 Metaspace       used 28520K, capacity 29124K, committed 29312K, reserved 1075200K
  class space    used 3399K, capacity 3592K, committed 3712K, reserved 1048576K
Event: 4.485 GC heap after
Heap after GC invocations=12 (full 2):
 PSYoungGen      total 217088K, used 0K [0x00000000d6180000, 0x00000000e5f80000, 0x0000000100000000)
  eden space 199168K, 0% used [0x00000000d6180000,0x00000000d6180000,0x00000000e2400000)
  from space 17920K, 0% used [0x00000000e3c00000,0x00000000e3c00000,0x00000000e4d80000)
  to   space 24576K, 0% used [0x00000000e2400000,0x00000000e2400000,0x00000000e3c00000)
 ParOldGen       total 74240K, used 58423K [0x0000000082400000, 0x0000000086c80000, 0x00000000d6180000)
  object space 74240K, 78% used [0x0000000082400000,0x0000000085d0df60,0x0000000086c80000)
 Metaspace       used 28520K, capacity 29124K, committed 29312K, reserved 1075200K
  class space    used 3399K, capacity 3592K, committed 3712K, reserved 1048576K
}
Event: 14.495 GC heap before
{Heap before GC invocations=13 (full 3):
 PSYoungGen      total 217088K, used 199168K [0x00000000d6180000, 0x00000000e5f80000, 0x0000000100000000)
  eden space 199168K, 100% used [0x00000000d6180000,0x00000000e2400000,0x00000000e2400000)
  from space 17920K, 0% used [0x00000000e3c00000,0x00000000e3c00000,0x00000000e4d80000)
  to   space 24576K, 0% used [0x00000000e2400000,0x00000000e2400000,0x00000000e3c00000)
 ParOldGen       total 74240K, used 58423K [0x0000000082400000, 0x0000000086c80000, 0x00000000d6180000)
  object space 74240K, 78% used [0x0000000082400000,0x0000000085d0df60,0x0000000086c80000)
 Metaspace       used 42260K, capacity 43022K, committed 43264K, reserved 1087488K
  class space    used 5096K, capacity 5359K, committed 5376K, reserved 1048576K
Event: 14.635 GC heap after
Heap after GC invocations=13 (full 3):
 PSYoungGen      total 217088K, used 0K [0x00000000d6180000, 0x00000000e5f80000, 0x0000000100000000)
  eden space 199168K, 0% used [0x00000000d6180000,0x00000000d6180000,0x00000000e2400000)
  from space 17920K, 0% used [0x00000000e3c00000,0x00000000e3c00000,0x00000000e4d80000)
  to   space 24576K, 0% used [0x00000000e2400000,0x00000000e2400000,0x00000000e3c00000)
 ParOldGen       total 133632K, used 42815K [0x0000000082400000, 0x000000008a680000, 0x00000000d6180000)
  object space 133632K, 32% used [0x0000000082400000,0x0000000084dcff20,0x000000008a680000)
 Metaspace       used 42260K, capacity 43022K, committed 43264K, reserved 1087488K
  class space    used 5096K, capacity 5359K, committed 5376K, reserved 1048576K
}

