# JRE version: Java(TM) SE Runtime Environment (8.0_162-b12) (build 1.8.0_162-b12)
# Java VM: Java HotSpot(TM) 64-Bit Server VM (25.162-b12 mixed mode windows-amd64 compressed oops)
Heap:
 PSYoungGen      total 358400K, used 96785K [0x00000000d6180000, 0x00000000f7400000, 0x0000000100000000)
  eden space 312320K, 17% used [0x00000000d6180000,0x00000000d96b4b68,0x00000000e9280000)
  from space 46080K, 91% used [0x00000000e9280000,0x00000000ebbcfb18,0x00000000ebf80000)
  to   space 52736K, 0% used [0x00000000f4080000,0x00000000f4080000,0x00000000f7400000)
 ParOldGen       total 152064K, used 63485K [0x0000000082400000, 0x000000008b880000, 0x00000000d6180000)
  object space 152064K, 41% used [0x0000000082400000,0x00000000861ff628,0x000000008b880000)
 Metaspace       used 41979K, capacity 42700K, committed 42880K, reserved 1087488K
  class space    used 4982K, capacity 5212K, committed 5248K, reserved 1048576K
GC Heap History (10 events):
Event: 4.268 GC heap before
{Heap before GC invocations=7 (full 1):
 PSYoungGen      total 136192K, used 131072K [0x00000000d6180000, 0x00000000e7980000, 0x0000000100000000)
  eden space 131072K, 100% used [0x00000000d6180000,0x00000000de180000,0x00000000de180000)
  from space 5120K, 0% used [0x00000000de180000,0x00000000de180000,0x00000000de680000)
  to   space 12288K, 0% used [0x00000000e6d80000,0x00000000e6d80000,0x00000000e7980000)
 ParOldGen       total 71680K, used 13760K [0x0000000082400000, 0x0000000086a00000, 0x00000000d6180000)
  object space 71680K, 19% used [0x0000000082400000,0x00000000831703a0,0x0000000086a00000)
 Metaspace       used 28317K, capacity 28960K, committed 29184K, reserved 1075200K
  class space    used 3355K, capacity 3559K, committed 3584K, reserved 1048576K
Event: 4.284 GC heap after
Heap after GC invocations=7 (full 1):
 PSYoungGen      total 200704K, used 12265K [0x00000000d6180000, 0x00000000e7980000, 0x0000000100000000)
  eden space 188416K, 0% used [0x00000000d6180000,0x00000000d6180000,0x00000000e1980000)
  from space 12288K, 99% used [0x00000000e6d80000,0x00000000e797a6d0,0x00000000e7980000)
  to   space 20992K, 0% used [0x00000000e5080000,0x00000000e5080000,0x00000000e6500000)
 ParOldGen       total 71680K, used 25922K [0x0000000082400000, 0x0000000086a00000, 0x00000000d6180000)
  object space 71680K, 36% used [0x0000000082400000,0x0000000083d50a58,0x0000000086a00000)
 Metaspace       used 28317K, capacity 28960K, committed 29184K, reserved 1075200K
  class space    used 3355K, capacity 3559K, committed 3584K, reserved 1048576K
}
Event: 4.789 GC heap before
{Heap before GC invocations=8 (full 1):
 PSYoungGen      total 200704K, used 200681K [0x00000000d6180000, 0x00000000e7980000, 0x0000000100000000)
  eden space 188416K, 100% used [0x00000000d6180000,0x00000000e1980000,0x00000000e1980000)
  from space 12288K, 99% used [0x00000000e6d80000,0x00000000e797a6d0,0x00000000e7980000)
  to   space 20992K, 0% used [0x00000000e5080000,0x00000000e5080000,0x00000000e6500000)
 ParOldGen       total 71680K, used 25922K [0x0000000082400000, 0x0000000086a00000, 0x00000000d6180000)
  object space 71680K, 36% used [0x0000000082400000,0x0000000083d50a58,0x0000000086a00000)
 Metaspace       used 28360K, capacity 28960K, committed 29184K, reserved 1075200K
  class space    used 3356K, capacity 3559K, committed 3584K, reserved 1048576K
Event: 4.879 GC heap after
Heap after GC invocations=8 (full 1):
 PSYoungGen      total 265728K, used 20960K [0x00000000d6180000, 0x00000000edf00000, 0x0000000100000000)
  eden space 244736K, 0% used [0x00000000d6180000,0x00000000d6180000,0x00000000e5080000)
  from space 20992K, 99% used [0x00000000e5080000,0x00000000e64f8188,0x00000000e6500000)
  to   space 32256K, 0% used [0x00000000ebf80000,0x00000000ebf80000,0x00000000edf00000)
 ParOldGen       total 71680K, used 41461K [0x0000000082400000, 0x0000000086a00000, 0x00000000d6180000)
  object space 71680K, 57% used [0x0000000082400000,0x0000000084c7d430,0x0000000086a00000)
 Metaspace       used 28360K, capacity 28960K, committed 29184K, reserved 1075200K
  class space    used 3356K, capacity 3559K, committed 3584K, reserved 1048576K
}
Event: 5.603 GC heap before
{Heap before GC invocations=9 (full 1):
 PSYoungGen      total 265728K, used 265696K [0x00000000d6180000, 0x00000000edf00000, 0x0000000100000000)
  eden space 244736K, 100% used [0x00000000d6180000,0x00000000e5080000,0x00000000e5080000)
  from space 20992K, 99% used [0x00000000e5080000,0x00000000e64f8188,0x00000000e6500000)
  to   space 32256K, 0% used [0x00000000ebf80000,0x00000000ebf80000,0x00000000edf00000)
 ParOldGen       total 71680K, used 41461K [0x0000000082400000, 0x0000000086a00000, 0x00000000d6180000)
  object space 71680K, 57% used [0x0000000082400000,0x0000000084c7d430,0x0000000086a00000)
 Metaspace       used 28379K, capacity 29024K, committed 29184K, reserved 1075200K
  class space    used 3358K, capacity 3559K, committed 3584K, reserved 1048576K
Event: 5.655 GC heap after
Heap after GC invocations=9 (full 1):
 PSYoungGen      total 344576K, used 32226K [0x00000000d6180000, 0x00000000f5d00000, 0x0000000100000000)
  eden space 312320K, 0% used [0x00000000d6180000,0x00000000d6180000,0x00000000e9280000)
  from space 32256K, 99% used [0x00000000ebf80000,0x00000000edef8af8,0x00000000edf00000)
  to   space 46080K, 0% used [0x00000000e9280000,0x00000000e9280000,0x00000000ebf80000)
 ParOldGen       total 71680K, used 59825K [0x0000000082400000, 0x0000000086a00000, 0x00000000d6180000)
  object space 71680K, 83% used [0x0000000082400000,0x0000000085e6c678,0x0000000086a00000)
 Metaspace       used 28379K, capacity 29024K, committed 29184K, reserved 1075200K
  class space    used 3358K, capacity 3559K, committed 3584K, reserved 1048576K
}
Event: 5.655 GC heap before
{Heap before GC invocations=10 (full 2):
 PSYoungGen      total 344576K, used 32226K [0x00000000d6180000, 0x00000000f5d00000, 0x0000000100000000)
  eden space 312320K, 0% used [0x00000000d6180000,0x00000000d6180000,0x00000000e9280000)
  from space 32256K, 99% used [0x00000000ebf80000,0x00000000edef8af8,0x00000000edf00000)
  to   space 46080K, 0% used [0x00000000e9280000,0x00000000e9280000,0x00000000ebf80000)
 ParOldGen       total 71680K, used 59825K [0x0000000082400000, 0x0000000086a00000, 0x00000000d6180000)
  object space 71680K, 83% used [0x0000000082400000,0x0000000085e6c678,0x0000000086a00000)
 Metaspace       used 28379K, capacity 29024K, committed 29184K, reserved 1075200K
  class space    used 3358K, capacity 3559K, committed 3584K, reserved 1048576K
Event: 5.776 GC heap after
Heap after GC invocations=10 (full 2):
 PSYoungGen      total 344576K, used 0K [0x00000000d6180000, 0x00000000f5d00000, 0x0000000100000000)
  eden space 312320K, 0% used [0x00000000d6180000,0x00000000d6180000,0x00000000e9280000)
  from space 32256K, 0% used [0x00000000ebf80000,0x00000000ebf80000,0x00000000edf00000)
  to   space 46080K, 0% used [0x00000000e9280000,0x00000000e9280000,0x00000000ebf80000)
 ParOldGen       total 152064K, used 63469K [0x0000000082400000, 0x000000008b880000, 0x00000000d6180000)
  object space 152064K, 41% used [0x0000000082400000,0x00000000861fb628,0x000000008b880000)
 Metaspace       used 28379K, capacity 29024K, committed 29184K, reserved 1075200K
  class space    used 3358K, capacity 3559K, committed 3584K, reserved 1048576K
}
Event: 7.568 GC heap before
{Heap before GC invocations=11 (full 2):
 PSYoungGen      total 344576K, used 312320K [0x00000000d6180000, 0x00000000f5d00000, 0x0000000100000000)
  eden space 312320K, 100% used [0x00000000d6180000,0x00000000e9280000,0x00000000e9280000)
  from space 32256K, 0% used [0x00000000ebf80000,0x00000000ebf80000,0x00000000edf00000)
  to   space 46080K, 0% used [0x00000000e9280000,0x00000000e9280000,0x00000000ebf80000)
 ParOldGen       total 152064K, used 63469K [0x0000000082400000, 0x000000008b880000, 0x00000000d6180000)
  object space 152064K, 41% used [0x0000000082400000,0x00000000861fb628,0x000000008b880000)
 Metaspace       used 36864K, capacity 37562K, committed 37632K, reserved 1083392K
  class space    used 4370K, capacity 4569K, committed 4608K, reserved 1048576K
Event: 7.677 GC heap after
Heap after GC invocations=11 (full 2):
 PSYoungGen      total 358400K, used 42302K [0x00000000d6180000, 0x00000000f7400000, 0x0000000100000000)
  eden space 312320K, 0% used [0x00000000d6180000,0x00000000d6180000,0x00000000e9280000)
  from space 46080K, 91% used [0x00000000e9280000,0x00000000ebbcfb18,0x00000000ebf80000)
  to   space 52736K, 0% used [0x00000000f4080000,0x00000000f4080000,0x00000000f7400000)
 ParOldGen       total 152064K, used 63485K [0x0000000082400000, 0x000000008b880000, 0x00000000d6180000)
  object space 152064K, 41% used [0x0000000082400000,0x00000000861ff628,0x000000008b880000)
 Metaspace       used 36864K, capacity 37562K, committed 37632K, reserved 1083392K
  class space    used 4370K, capacity 4569K, committed 4608K, reserved 1048576K
}

